<?xml version="1.0" encoding="utf-8"?><testsuites name="pytest tests"><testsuite name="pytest" errors="0" failures="0" skipped="0" tests="12" time="1.353" timestamp="2026-04-20T21:27:39.407183+00:00" hostname="agent-env-67009e18-88f6-440b-a9bd-0991c4a5b187"><testcase classname="backend.tests.test_admin_manual_order.TestAdminAuthGate" name="test_manual_order_requires_admin" time="0.213" /><testcase classname="backend.tests.test_admin_manual_order.TestManualOrderValidation" name="test_missing_email_rejected" time="0.395" /><testcase classname="backend.tests.test_admin_manual_order.TestManualOrderValidation" name="test_bad_pack_id_rejected" time="0.070" /><testcase classname="backend.tests.test_admin_manual_order.TestManualOrderValidation" name="test_quantity_required_when_no_pack" time="0.052" /><testcase classname="backend.tests.test_admin_manual_order.TestManualOrderHappyPaths" name="test_pack_single_pending" time="0.108" /><testcase classname="backend.tests.test_admin_manual_order.TestManualOrderHappyPaths" name="test_custom_quantity_pending_uses_calculate_price" time="0.051" /><testcase classname="backend.tests.test_admin_manual_order.TestManualOrderHappyPaths" name="test_explicit_links_completed_bypass_stock" time="0.110" /><testcase classname="backend.tests.test_admin_manual_order.TestManualOrderHappyPaths" name="test_pack_3_completed_stock_resolution" time="0.052" /><testcase classname="backend.tests.test_admin_manual_order.TestExistingAdminEndpoints" name="test_list_orders" time="0.057" /><testcase classname="backend.tests.test_admin_manual_order.TestExistingAdminEndpoints" name="test_list_links" time="0.054" /><testcase classname="backend.tests.test_admin_manual_order.TestExistingAdminEndpoints" name="test_add_link" time="0.065" /><testcase classname="backend.tests.test_admin_manual_order.TestExistingAdminEndpoints" name="test_import_links" time="0.056" /></testsuite></testsuites>