<?xml version="1.0" encoding="utf-8"?><testsuites name="pytest tests"><testsuite name="pytest" errors="0" failures="0" skipped="0" tests="13" time="1.675" timestamp="2026-04-19T16:41:56.932906+00:00" hostname="agent-env-a4071daa-a619-44bc-b2d5-73e1ae59ccdb"><testcase classname="backend.tests.test_checkout_oxapay.TestOrdersCreate" name="test_orders_create_single_pack" time="0.180" /><testcase classname="backend.tests.test_checkout_oxapay.TestOrdersCreate" name="test_orders_create_pack_3" time="0.128" /><testcase classname="backend.tests.test_checkout_oxapay.TestOrdersCreate" name="test_orders_create_pack_5" time="0.111" /><testcase classname="backend.tests.test_checkout_oxapay.TestOrdersCreate" name="test_orders_create_pack_10" time="0.144" /><testcase classname="backend.tests.test_checkout_oxapay.TestOrdersCreate" name="test_orders_create_invalid_pack" time="0.124" /><testcase classname="backend.tests.test_checkout_oxapay.TestOrdersCreate" name="test_orders_create_missing_email" time="0.106" /><testcase classname="backend.tests.test_checkout_oxapay.TestOrdersCreateCustom" name="test_orders_create_custom_quantity_5" time="0.116" /><testcase classname="backend.tests.test_checkout_oxapay.TestOrdersCreateCustom" name="test_orders_create_custom_invalid_quantity" time="0.107" /><testcase classname="backend.tests.test_checkout_oxapay.TestPacksEndpoint" name="test_get_packs" time="0.107" /><testcase classname="backend.tests.test_checkout_oxapay.TestPricingCalculate" name="test_pricing_calculate_quantity_1" time="0.123" /><testcase classname="backend.tests.test_checkout_oxapay.TestPricingCalculate" name="test_pricing_calculate_quantity_5" time="0.110" /><testcase classname="backend.tests.test_checkout_oxapay.TestPricingCalculate" name="test_pricing_calculate_quantity_10" time="0.112" /><testcase classname="backend.tests.test_checkout_oxapay.TestOrderRetrieval" name="test_get_nonexistent_order" time="0.143" /></testsuite></testsuites>