<?xml version="1.0" encoding="utf-8"?><testsuites name="pytest tests"><testsuite name="pytest" errors="0" failures="0" skipped="0" tests="19" time="2.431" timestamp="2026-04-19T14:48:33.176682+00:00" hostname="agent-env-a4071daa-a619-44bc-b2d5-73e1ae59ccdb"><testcase classname="backend.tests.test_deezlink_apis.TestHealthAndPublicAPIs" name="test_api_root_returns_404" time="0.146" /><testcase classname="backend.tests.test_deezlink_apis.TestHealthAndPublicAPIs" name="test_stats_public_endpoint" time="0.105" /><testcase classname="backend.tests.test_deezlink_apis.TestHealthAndPublicAPIs" name="test_deezer_trending_endpoint" time="0.135" /><testcase classname="backend.tests.test_deezlink_apis.TestHealthAndPublicAPIs" name="test_packs_endpoint" time="0.102" /><testcase classname="backend.tests.test_deezlink_apis.TestSecurityEndpoints" name="test_security_token_init" time="0.115" /><testcase classname="backend.tests.test_deezlink_apis.TestSecurityEndpoints" name="test_security_score" time="0.108" /><testcase classname="backend.tests.test_deezlink_apis.TestSecurityEndpoints" name="test_captcha_click_start" time="0.108" /><testcase classname="backend.tests.test_deezlink_apis.TestPricingEndpoints" name="test_pricing_calculate" time="0.102" /><testcase classname="backend.tests.test_deezlink_apis.TestPricingEndpoints" name="test_loyalty_tiers" time="0.114" /><testcase classname="backend.tests.test_deezlink_apis.TestCheckoutFlow" name="test_checkout_create_order_missing_fields" time="0.123" /><testcase classname="backend.tests.test_deezlink_apis.TestCheckoutFlow" name="test_checkout_create_order_invalid_pack" time="0.114" /><testcase classname="backend.tests.test_deezlink_apis.TestCheckoutFlow" name="test_checkout_create_order_valid_pack" time="0.219" /><testcase classname="backend.tests.test_deezlink_apis.TestCheckoutFlow" name="test_checkout_pack_1_flow" time="0.104" /><testcase classname="backend.tests.test_deezlink_apis.TestCheckoutFlow" name="test_checkout_pack_3_flow" time="0.101" /><testcase classname="backend.tests.test_deezlink_apis.TestCheckoutFlow" name="test_checkout_pack_5_flow" time="0.123" /><testcase classname="backend.tests.test_deezlink_apis.TestGeoAndLocalization" name="test_geo_endpoint" time="0.206" /><testcase classname="backend.tests.test_deezlink_apis.TestAuthEndpoints" name="test_auth_me_unauthenticated" time="0.110" /><testcase classname="backend.tests.test_deezlink_apis.TestAuthEndpoints" name="test_magic_link_request_missing_email" time="0.100" /><testcase classname="backend.tests.test_deezlink_apis.TestAuthEndpoints" name="test_magic_link_request_valid_email" time="0.105" /></testsuite></testsuites>