<?xml version="1.0" encoding="utf-8"?><testsuites name="pytest tests"><testsuite name="pytest" errors="0" failures="0" skipped="0" tests="13" time="2.923" timestamp="2026-04-19T16:04:21.729850+00:00" hostname="agent-env-a4071daa-a619-44bc-b2d5-73e1ae59ccdb"><testcase classname="backend.tests.test_oxapay_ab.TestAbTracking" name="test_ab_track_view_event_variant_a" time="0.266" /><testcase classname="backend.tests.test_oxapay_ab.TestAbTracking" name="test_ab_track_view_event_variant_b" time="0.146" /><testcase classname="backend.tests.test_oxapay_ab.TestAbTracking" name="test_ab_track_click_event" time="0.151" /><testcase classname="backend.tests.test_oxapay_ab.TestAbTracking" name="test_ab_track_conversion_event" time="0.157" /><testcase classname="backend.tests.test_oxapay_ab.TestAbTracking" name="test_ab_track_invalid_variant_rejected" time="0.143" /><testcase classname="backend.tests.test_oxapay_ab.TestAbTracking" name="test_ab_track_invalid_event_rejected" time="0.106" /><testcase classname="backend.tests.test_oxapay_ab.TestAbStats" name="test_ab_stats_returns_structure" time="0.109" /><testcase classname="backend.tests.test_oxapay_ab.TestAbStats" name="test_ab_stats_counts_increase_after_tracking" time="0.408" /><testcase classname="backend.tests.test_oxapay_ab.TestOxaPayIntegration" name="test_packs_endpoint_available" time="0.105" /><testcase classname="backend.tests.test_oxapay_ab.TestOxaPayIntegration" name="test_security_token_init" time="0.108" /><testcase classname="backend.tests.test_oxapay_ab.TestOxaPayIntegration" name="test_order_create_returns_oxapay_payment_url" time="0.514" /><testcase classname="backend.tests.test_oxapay_ab.TestOxaPayDirectApi" name="test_oxapay_api_direct_call" time="0.236" /><testcase classname="backend.tests.test_oxapay_ab.TestAbOrderIntegration" name="test_full_ab_flow_simulation" time="0.383" /></testsuite></testsuites>