<?xml version="1.0" encoding="utf-8"?><testsuites name="pytest tests"><testsuite name="pytest" errors="0" failures="0" skipped="0" tests="10" time="2.602" timestamp="2026-04-19T17:17:38.524342+00:00" hostname="agent-env-a4071daa-a619-44bc-b2d5-73e1ae59ccdb"><testcase classname="backend.tests.test_multi_order.TestMultiOrderEndpoint" name="test_multi_order_three_different_packs" time="0.443" /><testcase classname="backend.tests.test_multi_order.TestMultiOrderEndpoint" name="test_multi_order_same_pack_multiple_count" time="0.341" /><testcase classname="backend.tests.test_multi_order.TestMultiOrderEndpoint" name="test_multi_order_all_four_packs" time="0.389" /><testcase classname="backend.tests.test_multi_order.TestMultiOrderEndpoint" name="test_multi_order_empty_items_rejected" time="0.173" /><testcase classname="backend.tests.test_multi_order.TestMultiOrderEndpoint" name="test_multi_order_unknown_pack_id_rejected" time="0.206" /><testcase classname="backend.tests.test_multi_order.TestMultiOrderEndpoint" name="test_multi_order_count_over_50_rejected" time="0.157" /><testcase classname="backend.tests.test_multi_order.TestMultiOrderEndpoint" name="test_multi_order_total_quantity_over_500_rejected" time="0.154" /><testcase classname="backend.tests.test_multi_order.TestMultiOrderEndpoint" name="test_multi_order_missing_email_rejected" time="0.173" /><testcase classname="backend.tests.test_multi_order.TestPacksEndpoint" name="test_packs_returns_four_packs" time="0.136" /><testcase classname="backend.tests.test_multi_order.TestOxaPayPayload" name="test_multi_order_returns_valid_oxapay_url" time="0.345" /></testsuite></testsuites>