<?xml version="1.0" encoding="utf-8"?><testsuites name="pytest tests"><testsuite name="pytest" errors="0" failures="0" skipped="0" tests="12" time="1.853" timestamp="2026-04-19T16:24:21.724698+00:00" hostname="agent-env-a4071daa-a619-44bc-b2d5-73e1ae59ccdb"><testcase classname="backend.tests.test_admin_oxapay_ab.TestOxaPayWebhook" name="test_webhook_inserts_doc_with_required_fields" time="0.165" /><testcase classname="backend.tests.test_admin_oxapay_ab.TestOxaPayWebhook" name="test_webhook_idempotent_for_completed_order" time="0.237" /><testcase classname="backend.tests.test_admin_oxapay_ab.TestOxaPayWebhook" name="test_webhook_handles_missing_order_id" time="0.107" /><testcase classname="backend.tests.test_admin_oxapay_ab.TestAdminOxaPayWebhooks" name="test_returns_401_without_auth" time="0.110" /><testcase classname="backend.tests.test_admin_oxapay_ab.TestAdminOxaPayWebhooks" name="test_returns_webhooks_with_admin_auth" time="0.205" /><testcase classname="backend.tests.test_admin_oxapay_ab.TestAdminOrderRetry" name="test_returns_404_for_nonexistent_order" time="0.259" /><testcase classname="backend.tests.test_admin_oxapay_ab.TestAdminOrderRetry" name="test_returns_401_without_auth" time="0.104" /><testcase classname="backend.tests.test_admin_oxapay_ab.TestABStatsEndpoint" name="test_ab_stats_best_value_label_works" time="0.127" /><testcase classname="backend.tests.test_admin_oxapay_ab.TestABStatsEndpoint" name="test_ab_stats_unknown_experiment" time="0.114" /><testcase classname="backend.tests.test_admin_oxapay_ab.TestABTracking" name="test_track_view_event" time="0.133" /><testcase classname="backend.tests.test_admin_oxapay_ab.TestABTracking" name="test_track_click_event" time="0.120" /><testcase classname="backend.tests.test_admin_oxapay_ab.TestPublicStats" name="test_public_stats_works" time="0.107" /></testsuite></testsuites>